21 2735 1335 6663 4143 6916 6228 5868 1866 741 6658 7114 2718 5284 3242 6153 7992 5057 611 4490 7953 6487
30 6689 6466 3549 8962 7109 8274 9180 4643 715 1407 1248 6163 6932 3811 9611 6764 7788 7651 3570 5427 1395 8966 6104 2933 3198 995 5138 5545 6505 3984
30 3090 7429 7499 5716 7401 622 4214 1066 1273 271 4693 3170 1803 7483 1885 7449 2903 5850 5951 9342 8972 8900 3492 6968 8684 3899 5230 5499 8375 6675
11 1209 7928 4307 6381 9563 7028 9052 2784 3608 5352 7773
23 5018 8878 580 7846 9190 5006 823 6475 6662 2314 2368 3086 2088 2394 7566 9793 8036 1425 603 3558 5842 1452 6690
18 9313 2356 4637 2559 585 5424 2313 7455 1353 9670 864 1651 1421 8088 8397 7304 4817 8046
15 2519 7957 474 4842 1560 7329 8728 4546 6558 318 313 3936 7813 9921 4614
15 549 6541 1724 7862 3119 6669 7014 4406 5042 7849 3290 7351 2875 5372 6686
22 4525 8773 7940 6352 1967 9043 1501 1448 614 7396 6431 1011 312 3244 3609 1824 7744 7261 9756 1064 2704 1619
19 5934 4618 8758 3430 7709 1530 7226 7019 4656 7103 6580 1686 5156 5511 3116 9754 9919 3234 6610
19 4679 1949 3565 1693 9353 9246 709 2076 6426 3865 847 3507 2693 1435 4961 9911 8634 1445 5573
39 88 5497 187 6198 4058 7929 6199 7140 6493 8406 6849 5034 113 1838 7379 4965 4714 1531 4343 4357 4009 6674 2279 7385 1780 4582 94 7974 8153 420 3125 9467 8626 5364 759 6461 4350 1360 4732
25 2465 3307 2135 5769 6039 7926 8228 2808 2438 683 9408 2495 434 6146 613 9798 8132 5897 3681 4473 9850 1404 1576 2457 2253
34 519 1776 8950 8489 5304 567 2917 2695 9402 7471 3294 9951 3249 2904 3029 7282 8189 607 3215 7043 1561 6251 7653 5416 9524 2825 1936 31 2007 3185 4760 6944 2318 1653
25 4309 9325 7965 2432 9679 8520 8086 8459 7398 3067 961 6418 3368 6454 4016 6425 1735 364 9750 1262 3792 3884 707 4023 4865
7 5970 672 6031 7097 1817 4476 2563
20 4839 6277 1543 677 6695 3743 606 3607 8204 489 7108 7113 4853 2541 8753 5410 3665 8818 7335 3237
29 5324 713 2986 7799 6724 2944 9636 493 4815 2320 2061 6480 8237 4930 5582 7718 6733 8498 1342 5326 559 7836 1726 1292 9271 6943 6365 3941 4729
22 719 1977 6956 2635 2738 7643 5619 9130 2769 3305 4211 541 1218 2923 5804 2732 5832 2851 6520 556 2070 9451
18 423 4008 2720 1135 9231 2654 8051 4454 6267 6773 1877 54 2361 1662 587 1809 6191 4310
31 5335 8175 5445 2247 3555 9291 2316 3276 7993 6740 5377 3193 6793 2109 3352 8909 6306 8961 4581 2705 281 2650 8242 7473 1990 1035 1375 7136 3115 9865 7834
45 4758 3817 2576 2941 5299 3371 4687 1113 3168 4635 4387 1013 166 7840 7665 1365 9132 7883 9799 3462 6987 4888 6605 5329 2033 9103 1383 7939 3594 4773 3506 8476 4738 6933 1144 1379 2579 7338 4116 9918 8443 3871 4185 6533 7855
23 3580 8102 3655 8731 6877 1489 9267 9890 6786 3138 8637 8715 3291 1416 2966 2534 2046 299 8790 1258 3730 994 7649
25 6252 984 3697 9556 326 8224 8486 4123 3315 3829 3613 6429 8533 4188 8621 9074 8109 3165 6760 9257 8048 6158 8908 562 4568
22 1867 9675 8395 920 4742 6780 157 9207 7889 5237 6952 3575 2975 4056 4428 6327 7347 2486 3809 3310 5629 9196
10 6822 7070 8840 8420 5649 3475 1860 5457 1048 1339
8 1178 1111 9604 4958 9487 9920 5885 6544
17 3055 8477 9121 1411 8905 3186 7022 5916 123 1760 149 9266 1974 9088 3637 9726 4239
12 8890 9579 4898 4504 4067 8501 6489 9398 2795 1659 5555 5037
34 6002 4855 4059 5300 9550 3468 8324 596 1369 4327 8030 6446 2118 9874 5039 6000 8624 4400 2719 5552 4299 3980 8360 426 5482 5607 4118 4492 3703 1720 3762 5524 5493 9404
30 8292 9449 2031 7435 2036 1352 5779 7466 8029 2209 514 4543 9789 1275 4549 3896 6530 8357 363 2469 5229 3595 2188 8006 8221 6761 8716 3679 8499 4124
41 7475 5086 1315 268 9084 6654 2774 8736 7088 7561 5971 1010 9485 5690 6159 4497 6741 5394 5650 2498 5031 255 4433 3801 6830 9603 2066 1708 6651 6592 7803 5459 2671 7509 7409 3140 6917 5190 5438 6693 3931
19 5235 3988 5341 3692 6815 9733 8559 3471 9852 726 4071 1524 9633 5054 9345 9845 3770 2324 1880
32 9409 2883 7956 117 5161 8509 3025 9685 6656 9820 9976 8629 1260 2589 4450 1879 2240 4003 4629 6363 3977 4997 2932 5918 1021 7771 2612 5936 8633 8078 3458 8942
26 2920 2015 211 881 8542 7372 6896 2455 9810 4029 6619 3285 8638 9783 6081 6880 3810 345 6542 2059 60 3700 6070 1495 4600 4542
28 4094 1097 5860 273 769 3167 8564 6044 789 7314 1640 8902 951 4384 3354 9089 2745 4787 8440 1959 5864 5419 8050 2226 2860 798 1744 4321
18 3629 1305 8670 3767 7003 8248 6050 5030 644 3019 1906 1643 9568 6177 2868 7603 4192 5127
23 9752 3869 311 5954 3451 7342 9981 3663 8546 2343 124 2496 5556 2425 750 8895 205 7032 3543 7996 1254 9938 391
31 6670 29 3149 1815 9698 3564 9305 7141 6412 5343 3005 6164 8040 1863 2642 1784 8761 3403 9357 1947 9800 2095 1871 658 8428 1603 7809 446 12 9753 4662
17 1757 7952 3030 6767 6901 6900 7186 8739 109 6420 8554 5112 9681 6842 6155 5480 6644
29 5440 6961 8675 4601 4346 6783 9020 3546 9003 3855 1105 3338 2989 5154 8344 7798 1217 4102 6726 8245 3330 3745 3180 9494 165 4311 4484 6934 8654
18 9514 222 2571 2008 4788 1227 1883 4882 3321 7671 8810 6230 323 7264 2728 2175 1056 630
20 563 8973 560 4481 2187 6357 782 6283 8416 6905 4119 3155 5919 262 573 4261 2131 360 3028 5179
12 7657 4494 4894 7227 8394 4517 5544 1878 9794 2258 9488 7393
15 8708 4435 9619 9626 8698 6263 9649 7013 3246 4994 9301 7337 9296 2492 4474
32 9847 9283 9581 2327 3457 6843 666 2184 9018 1443 2335 3079 1982 670 9039 8366 8525 1171 4459 2139 8140 6759 8907 3098 9307 5775 8925 9432 1881 6074 2878 9811
13 9913 502 846 1634 267 2831 5267 3439 3760 8345 9781 9448 2038
14 4078 3444 700 9187 7468 712 6464 5095 7402 3819 3684 5044 7039 3969
31 8310 9888 1005 9979 957 5693 5027 1323 3176 2942 4537 6473 8823 3512 6173 8020 708 442 5724 8904 9833 5614 7082 7532 2269 2491 4564 4859 4488 4022 1594
18 303 7040 8703 4495 8179 1414 7687 5381 1625 3358 5384 3153 7305 8340 1706 3656 6750 3897
26 1138 7399 3281 7911 4536 1438 2838 4583 8277 873 3292 5532 4092 7411 454 3206 7593 7027 21 5011 1173 9759 525 4269 5753 4747
21 9707 9216 6649 5402 372 6361 3918 3239 8376 2123 2026 9640 3990 1399 4811 9115 5408 6964 9334 2185 5415
27 7861 7913 5359 849 6927 3531 2333 6279 9980 7770 3754 4566 680 9933 7386 1117 5105 1358 1624 1762 6065 5098 7395 9203 2196 9661 4268
7 5192 1888 61 9901 6160 7948 7376
27 7463 3578 5679 5913 8981 2192 4584 1289 7354 6709 8738 6443 4110 9727 6640 1049 1249 2035 8380 336 845 3126 9668 1226 5476 1950 1972
24 3696 5858 4063 1913 4150 9322 8749 9837 4470 8687 6043 8839 914 9592 3642 3587 480 3020 6349 3902 4553 7024 1575 1958
21 4377 8518 734 4948 9503 6450 8713 7574 5887 1252 5748 6270 9458 4285 3566 9647 1308 5564 6056 8969 6960
35 2949 4379 1993 1269 1773 409 5626 1792 989 95 3047 1386 1272 2937 8506 6455 8079 4944 9949 6416 7340 3387 3081 3504 171 9308 9174 4707 5512 5109 5494 2764 9119 321 181
25 3442 6831 2020 7640 554 4066 3311 4648 3409 7585 9925 7153 6174 9399 1366 3434 5470 690 7702 3480 472 1822 2880 4922 4129
15 6403 5756 5678 6380 9628 2075 3773 7812 777 9062 5810 2561 641 5597 1288
12 3156 7119 7293 5902 5387 8262 5245 8786 7810 4720 9680 3202
4 2384 7194 7672 4301
16 9393 24 3103 2912 3253 2531 7156 5808 739 1874 7534 4415 3906 4746 959 8253
16 1515 1040 6485 7711 1192 8231 1765 4380 2218 834 3627 3383 7059 8199 5714 2363
18 1992 297 3647 9021 1548 1684 9161 3431 4972 1 2554 731 195 5454 79 1086 868 8171
30 6807 8640 7877 6965 4090 3640 8699 8213 2742 1689 2791 7102 2741 9012 2250 4352 8998 3008 4306 6775 5786 971 3000 4971 2752 9599 5896 8607 6084 3857
14 375 8342 19 7716 6274 6082 9849 6935 7083 648 8997 1131 8572 7527
27 8329 3693 8587 1512 6913 9109 5491 7682 7636 1859 9177 9381 5382 9862 3496 547 5680 8828 2201 1712 7170 5960 5048 7673 4978 9281 2618
31 84 445 1833 610 1332 9140 9985 9011 2731 8681 9158 1518 2304 2984 8857 4073 2690 4468 4191 7966 738 1183 4215 2149 7785 5595 5010 7878 8137 7192 4931
21 6706 3654 9392 3331 105 8067 4106 829 9222 7723 5349 7538 4237 9076 9193 4813 5047 6918 7011 748 7964
4 5717 7318 2176 7678
29 768 8458 2507 8323 7546 7572 8848 9182 9090 6985 1676 8160 2429 4038 1537 6703 776 1468 2030 309 1096 8780 1484 5549 9719 5033 1347 5272 3820
20 2869 4829 5815 8743 8767 740 4591 3277 6386 8288 217 8097 264 4174 139 3641 8714 5819 1905 2427
17 6115 9523 1664 4098 1978 5991 1670 4632 7545 2194 7154 9782 9389 6291 2818 8850 4841
33 568 6633 6456 7891 7373 4233 950 2074 2207 3502 4677 2122 6681 7762 3597 1572 3499 6140 3137 3511 45 4030 8061 5924 270 8685 1801 4506 1829 7251 9069 1293 2853
25 55 583 5598 2828 3245 7020 7346 5250 7065 5317 1533 7292 771 2047 9279 468 4548 7359 652 9059 9438 7221 163 8891 1542
13 5406 1563 3325 6818 5621 9607 5021 9963 1956 6384 925 2746 1805
36 1528 6424 9166 1170 3596 9452 9463 4255 6851 4421 1232 4410 990 1601 4862 7984 9813 4938 5941 9889 2057 7062 7006 6528 9739 6075 7280 1991 3922 8409 6388 632 4425 5077 8877 8939
17 6321 1325 40 5805 6103 1622 2894 3503 4508 5469 5065 5836 1060 7382 2816 4218 1107
14 8184 9763 9843 3876 2873 7753 8162 2073 4057 108 7138 4803 2845 3286
11 8578 2480 9341 6567 6548 3300 2552 7842 2978 9181 5979
37 9411 5222 6269 817 9974 7864 457 2881 5089 2060 3910 832 5875 2523 8785 2817 4871 754 1904 6325 6226 4262 6180 356 6866 7658 9746 2830 4095 8712 1141 2521 3010 6368 2625 9736 7766
20 7229 3667 6139 8965 3536 5687 5732 3096 7076 3927 5788 5741 3143 6524 3440 9243 6586 8195 4968 7985
19 2278 394 7064 3410 5358 7287 5881 8426 6875 7876 661 7086 7779 174 8235 6770 7533 4795 7163
14 2418 5475 5447 2331 238 4316 1234 8461 1953 2347 9909 9960 7568 6492
22 4586 3333 6745 208 4101 7512 8617 767 7490 4062 6888 8159 4992 8307 5999 6027 9049 1623 8008 8454 4719 6311
3 4644 3539 5653
25 6694 3049 9347 1384 696 1973 3534 2667 8616 4250 2994 528 1941 4701 1919 6355 2127 9955 6895 5731 9942 6045 3369 6701 1204
23 219 6912 2132 1179 3062 2557 9657 4800 5622 3847 5099 3568 7547 2733 4234 6886 3195 7765 6995 6207 932 7624 4005
17 8271 7188 4475 5818 3579 6377 3774 5570 2844 1730 1205 418 6958 7590 2002 5784 6390
34 6607 9406 2714 8783 513 4196 3459 4502 168 9815 601 2293 7380 6630 4074 774 744 5670 2156 4336 5630 6691 6219 2029 8064 1085 9414 7983 1704 3978 9323 9875 5718 4292
23 1794 2603 8149 5213 6404 9137 2297 6910 7529 3813 6868 9708 8467 9606 7639 236 3581 5961 5536 5874 7485 4156 3586
44 8787 477 5727 4706 9405 4885 6502 8370 9144 9965 248 2982 9171 6529 4503 1326 8505 1201 8659 8926 2041 5188 7370 7178 369 2325 6785 969 531 8058 2638 5153 953 2459 2647 6302 9290 4077 1333 452 8770 2848 170 7349
29 1447 5227 3826 6884 5295 854 6200 7387 1455 2898 7679 6378 5583 1045 2189 8475 6495 3142 3118 6838 8794 3355 2617 2251 5463 9533 1961 7123 7611
8 1194 6189 4867 7631 3885 3542 3051 2591
21 2296 3197 3147 3986 6908 4121 2977 9017 7531 4621 6791 6790 4176 4513 3676 4197 9004 3533 9439 3880 5592
36 6794 3257 4112 8209 2657 7870 9495 6245 2291 9972 91 9320 4920 9457 4575 209 8026 8574 3392 9375 9407 9900 1656 1457 4165 4688 9440 1487 7559 1851 2202 8197 4766 7989 579 4374
18 3708 3750 4297 3895 122 4060 5344 9624 6303 9006 651 4367 8528 763 5542 5142 1385 3048
12 8227 1582 2909 7073 6049 4162 3214 5806 3956 1115 7968 840
20 4877 7320 9768 842 1609 1852 9602 8447 3490 7792 8073 8595 5698 1655 6503 3263 7967 1702 9644 7206
8 9046 8302 7210 8967 362 2488 8226 807
33 3527 1605 4781 2536 9996 9559 2426 4202 5487 2323 5888 5920 3022 1223 254 9872 7971 1629 6854 2360 5635 7152 3996 2063 7918 673 1526 6700 8100 327 3525 231 2658
13 4873 8484 9935 6735 2198 6879 8077 3465 5763 6847 6600 8606 3204
34 8630 3236 2641 4959 6457 3651 2422 7129 8588 9191 6752 4208 2799 2927 8791 1628 3785 3429 6737 6313 3476 9388 127 453 4831 7408 4144 2443 4333 7530 9253 1216 9099 7105
33 5218 2424 1637 699 902 4260 8462 7430 6208 9702 9105 9265 1647 9370 7334 249 8481 5610 8935 3517 735 1373 2872 5625 226 4567 2730 5149 5778 2595 6676 5471 1207
31 1228 8932 1630 4437 9544 5654 1804 7230 9562 4980 5060 7683 7637 5535 6119 448 2105 2547 8111 2533 6086 4721 7518 9280 911 8053 4378 5150 2697 3064 144
37 4984 9473 7180 8425 5990 9401 1674 8346 4794 8521 6053 8614 4940 1324 35 5662 4764 1902 1861 5062 5133 1182 9659 5353 8689 4251 8778 8060 8322 5141 7863 8216 5974 9058 8808 2628 9766
15 5615 9864 4017 5553 6397 6432 2097 4783 1077 5325 2257 1082 4348 5449 3110
11 1492 1406 7325 6154 5927 2490 6731 7126 6229 1615 4277
24 190 6123 5743 8557 1984 2079 1564 3334 2787 4485 1491 8309 6601 4170 7787 1246 9732 3626 1408 6334 2334 2961 392 1825
14 3540 7553 2233 6004 8566 4705 7323 9282 9483 5813 3359 3771 304 9891
18 2166 6924 9691 1002 3685 5540 8933 2025 283 153 3763 5171 9489 6441 1374 8106 6890 3950
24 7612 6150 8784 825 6392 7668 3795 2119 9138 39 816 8597 1840 256 5389 9498 7313 2955 1165 5249 1714 7121 3725 9360
25 8290 2147 9104 8915 9654 2140 4194 9128 8609 2809 3947 8348 17 3454 9240 3201 8010 7815 7854 8946 4363 7917 5977 5439 9454
11 8024 2512 2915 206 482 3148 5955 4624 2660 6285 1510
27 8711 867 5045 8494 8800 6705 4164 8995 4617 7145 6776 4272 4082 9509 2494 3423 6007 1403 4785 7426 7946 9971 5046 9354 9931 1507 2090
8 6135 7198 8449 2736 6521 6271 2564 8002
13 1372 3208 6110 1251 7117 730 4511 8653 4953 5214 9947 993 7110
22 8158 4414 9851 3891 4467 8493 8807 7907 5101 6951 4870 9170 8513 351 576 900 4983 5883 1680 2820 3080 757
36 6329 1024 2357 6804 6307 4080 4666 9944 2605 9477 1685 640 3199 608 5373 2011 5385 7635 1368 8427 7107 8186 1187 1632 9248 6092 1678 5831 3998 2450 8623 7845 3860 8098 7283 4671
31 5948 8021 9666 9412 8198 5710 1054 3833 5917 5263 9297 4645 137 9784 3846 4638 8763 9403 4373 8125 8196 5910 2689 8478 9034 3350 9747 7977 406 729 6300
20 2538 5332 2330 1203 3428 7286 5981 7879 7155 1820 7238 3545 3680 2911 5412 8913 6606 6715 7489 6250
29 8055 7704 8774 874 6029 2717 7924 1873 9075 2023 8544 8470 3554 5909 1119 5492 5772 6781 8608 7826 7388 783 9168 8613 7978 9024 8280 2170 8163
33 3758 4223 2928 9286 4910 7319 8586 6402 1553 9928 2852 6359 8843 720 6094 6904 5041 1882 7817 5019 7886 4403 192 6193 1663 5647 6500 6569 3415 7001 9876 2623 3107
11 5113 6747 1100 3951 5510 3317 4661 2626 3105 2573 3848
25 627 2788 2957 6206 7000 8940 8795 2126 2771 5642 5746 802 2665 6550 412 4806 2434 8164 4906 4163 2501 6176 7592 8504 8727
27 1593 945 3424 2006 4836 7882 1509 9273 1276 1453 9804 5658 9361 1461 9324 1486 7670 3011 4381 7904 8802 8602 7054 4364 3711 8332 4886
14 7116 7575 8819 2365 6860 5989 3447 7487 1617 1337 3464 1748 4220 6889
32 8435 2748 5049 8254 1588 150 2973 1550 2044 4686 4154 3532 5777 330 9482 9225 1753 1291 7216 803 9697 8318 5428 7642 1116 3273 411 7820 8151 6509 6621 3388
31 2436 892 2963 1030 128 9274 533 8219 2686 3779 9830 691 5514 7686 2645 7187 1075 4429 4407 8540 7588 9588 7106 9541 3256 6310 3001 8275 3662 2786 8921
34 2899 3196 3572 1635 8104 2056 7434 1843 98 3414 4035 2077 8772 6962 9492 6253 9475 481 7857 3299 5357 3982 4263 4647 2500 4639 4480 7478 257 8452 3337 5508 1202 3797
16 1090 5721 933 8187 6316 6584 4137 5695 9127 9923 2810 6192 8192 4337 4332 2814
27 5572 5466 3160 3461 9469 3050 2497 9738 146 9819 6749 2600 7576 2525 6719 9226 4356 8126 4838 4700 1095 1419 796 3975 2130 9614 2862
24 7104 7677 9627 328 5996 6718 4048 7630 2596 3389 9699 5496 8206 571 9885 7708 5568 6768 9269 5575 86 5652 8120 9476
22 400 245 8573 1121 4717 589 7648 9835 9748 8317 6999 2433 7378 307 4611 6546 8658 9878 4160 1277 7539 2276
22 1734 1778 5008 8601 5681 8656 508 1320 5590 4598 4075 2842 5104 77 2001 4808 5339 7955 2287 1290 5435 8463
33 5393 9595 6168 5771 6360 3921 7248 47 895 6634 6832 3782 3258 8952 5140 3592 6948 3136 8289 7271 451 8771 4609 6095 471 2692 7540 3254 1696 8777 7476 980 1136
16 7451 5856 2511 2681 7804 8598 8457 6022 8333 6105 5657 2637 2908 1938 6955 4133
11 5744 9306 9316 41 3024 306 301 790 5035 5631 6417
9 3384 3329 7428 9459 3911 6136 5248 9573 8674
12 2106 3849 7768 8803 615 8682 3789 8951 3205 9954 5891 8308
17 315 2711 4084 8991 1580 5554 7927 498 2288 101 3349 5423 5348 5987 2252 3274 58
21 7357 499 6066 3213 7474 6178 8779 125 4025 2646 5165 1166 1933 6564 5634 4771 1577 5937 8503 9025 8744
20 3104 1869 1527 3603 3842 368 9366 8592 8944 2965 8887 6468 5677 6828 8837 5949 7751 8517 4399 6242
31 8792 3557 2896 3802 4376 6716 1725 4404 8860 3082 2290 3141 484 5023 2861 7949 6171 3844 9594 5336 3102 8267 522 5401 5257 2307 3132 6881 6257 8797 7036
24 9087 5517 2143 2401 9769 9805 5602 8536 9116 7442 965 3181 6930 3866 5699 9186 1129 8084 1661 5162 7002 770 5606 7185
35 2520 1697 6409 3114 5829 2482 9262 2967 617 2754 4449 319 1470 5026 2174 8691 5785 2205 857 9331 5708 3930 2672 4235 6687 5905 4753 333 3965 4554 667 2905 7814 1898 3097
25 5500 6304 1995 9289 7174 7633 5764 2355 7513 1297 1846 1281 6680 2160 4936 2749 9491 3322 4864 1798 8866 7069 6087 3275 2865
9 8979 8548 3821 718 1177 8035 4658 5212 5982
30 4455 8832 3017 6128 1955 8093 8835 6034 4064 8378 4141 1474 2470 5134 9118 6447 4675 3085 4032 3962 9428 850 6728 6611 9413 4812 4757 5599 3856 3664
18 4200 6068 697 3976 7867 9071 9199 8338 3026 3839 7638 3169 3752 865 1513 1787 8788 1559
18 6239 7355 7149 515 8992 6006 3344 1895 9098 503 7053 8124 3670 455 8278 7042 9776 4531
8 7224 9030 428 476 5889 9067 390 8423
26 2230 3129 4507 977 1835 2857 982 3993 8062 3666 2417 1797 736 4442 5073 2478 1975 9932 2666 809 7239 129 4079 4678 1966 8582
21 8892 5189 3396 2305 4558 1994 839 7208 8530 7211 4966 6809 7562 7081 6238 3071 8704 7035 2998 2298 1758
21 3601 5369 3786 1208 2264 4805 2924 9268 4710 1957 4212 7652 6673 9961 1462 7052 3853 9637 1552 5130 5931
19 8978 6756 1206 2128 5210 5303 7620 938 490 495 134 3194 7295 8165 3324 4303 9764 1312 1562
15 8203 3068 3989 6186 5425 69 922 8575 9419 7315 9964 4011 9569 1823 2659
10 4935 9806 9385 1908 417 5516 6089 3949 8667 2758
19 4184 6410 3614 7071 5534 1329 7072 8668 653 4461 2858 6448 9642 7181 2606 70 4041 8279 2152
25 5890 1142 6338 6836 8157 4613 3066 6537 629 2180 5557 5593 3905 7016 9009 9957 4524 7921 3272 4998 5202 1426 5894 3522 623
6 200 2566 3362 6319 1322 2866
19 530 4848 4225 8207 8128 4520 25 7063 3059 6036 2308 8885 8269 6294 2322 8717 3644 3033 797
9 277 4109 6711 4863 9042 4153 6512 853 4887
31 4833 4630 2780 5712 8059 9743 419 9926 704 7477 1660 821 1309 2393 8063 9376 8432 214 2004 538 1274 743 3034 2222 8015 3171 7358 1788 828 8468 9956
15 1363 1986 8410 7934 2751 7599 9221 785 2283 1092 9384 9211 3838 5666 805
31 7406 3510 135 5816 9575 100 7759 5228 1864 286 9496 4756 1051 6062 5600 2921 7094 5793 7746 177 6823 5943 7615 9812 8666 9580 9005 8222 4393 2032 9770
15 8328 9869 9251 8516 1839 8721 4000 5084 8755 9597 8152 9484 7784 5174 3032
21 9255 7975 9382 511 8285 5135 2442 5838 5347 5674 7769 4358 7502 399 2884 1417 3660 5525 3645 1298 7147
9 5983 788 4631 5922 1285 5950 2255 6853 263
20 3092 9045 7446 3191 8856 529 7737 6216 1884 3623 4673 7209 6615 5374 1785 4052 3488 5432 5456 6626
4 5636 7465 9927 5821
20 6296 6536 4657 2235 2167 4990 7874 120 7558 115 930 2906 8334 5155 350 2462 6949 30 8812 3491
21 3188 3991 3602 3541 6771 5627 5783 7034 7364 8421 4398 2377 1008 5366 1123 7847 7197 1255 9441 5877 7972
29 1970 8868 3915 8155 3073 992 1175 8037 3083 355 395 5879 8918 6856 592 5350 7497 1058 2753 2054 861 9051 7096 1120 4203 8863 3427 9013 1705
8 2782 4830 9751 1346 6523 2453 4892 1855
15 2539 5120 439 5477 7085 7662 8038 9741 5559 7077 5219 7990 722 5068 2208
34 9543 1200 7255 6474 4207 3366 5158 2292 3220 7712 671 5519 46 11 2513 3946 7627 1444 5220 9208 968 201 6077 6419 4550 2739 5531 3412 2902 4691 955 4242 1185 8012
20 6765 780 1233 7666 9832 5422 3420 4807 1023 7291 9040 8364 3995 8861 1380 9061 5563 2134 8865 3713
27 9078 5205 5507 4703 5686 7193 6255 5088 9424 8937 397 161 3583 6290 4266 8811 4323 967 5094 6511 4361 7368 4755 5623 4697 7731 2499
18 5307 8464 7092 4372 1355 1985 4588 2186 496 3413 1795 6057 9217 9129 3523 913 962 8941
8 1267 9252 3635 5986 6588 781 509 923
32 332 2261 665 753 3036 7191 643 1104 890 6374 3108 5495 2653 3039 6187 8281 2796 8567 5170 3759 6351 6330 7954 5051 8369 3780 8488 8515 5270 7676 302 2597
6 6202 199 5285 7464 8108 8596
16 5025 4665 2649 6058 3585 7663 8272 6966 3225 6725 6323 5461 4577 3781 3218 8131
17 6003 212 6340 3615 8796 1587 2640 9684 9195 9019 628 1059 5752 6046 8070 3229 7204
29 5282 2112 7692 1565 6012 1480 8645 979 1746 2121 4884 5092 9880 6829 3917 1197 1270 103 4751 8500 9373 1076 2294 966 3520 9120 5024 5587 1868
13 5541 2537 6430 7535 1168 3875 5562 7139 1606 331 1954 2953 1022
33 3426 5017 8434 8085 9464 8173 7732 3793 2568 15 3232 3691 6211 4477 5083 6423 8829 8201 6660 8729 5759 705 1812 8174 6358 221 7202 7606 8166 4509 4091 616 7
26 8382 6125 2916 7579 8412 5260 4798 1568 2000 6751 5004 7137 7405 6289 7786 4100 3187 2155 1849 4339 5157 7831 8349 9993 131 8569
24 7249 4826 119 6563 2651 5240 6272 3373 5899 6907 6864 2407 9795 9299 3282 8446 5320 7898 4419 8893 4570 8523 7410 5571
11 4761 7196 1245 23 1442 4427 6612 5935 1153 7623 9312
18 3381 7962 5729 6869 7195 7262 160 8336 4926 9200 1152 2493 2069 3162 9259 5474 4298 2210
27 1221 6413 1503 9631 5892 6222 4532 3974 833 7275 6297 7754 52 917 53 6522 5274 1927 7844 3283 4354 4448 5266 6465 5825 2691 2321
28 8351 3816 7602 6021 4493 494 2979 659 5256 463 1886 3370 2246 6581 2715 3379 4397 7914 8052 5660 7908 2367 964 189 9648 9854 3863 5376
13 9744 6293 5437 7276 4300 4623 4317 3926 4178 3042 5817 702 7586
10 3830 3200 7557 6984 4615 5701 8766 3807 3648 4027
16 4349 9705 4411 7519 4837 8919 5846 973 1091 858 4737 44 4916 3063 1892 4315
19 565 6220 7172 9549 102 2551 1529 1836 6568 1063 7486 7591 393 7297 7268 8751 2940 6212 5175
25 6265 4246 3938 9871 6076 1721 8273 5799 2790 6925 2882 5481 5992 8039 5168 4460 5151 2855 3837 534 6992 3484 4925 1087 557
9 1313 1830 5711 8110 8694 8827 6248 8303 7641
22 435 9586 2464 507 1942 374 6247 6460 2945 8650 8299 3841 7169 9027 1772 8017 1821 3864 9600 6817 3559 4416
29 8448 4020 7628 5620 3433 9100 3466 3904 4957 9242 9941 9000 1181 3178 4881 4004 6144 7526 9157 9516 3934 1894 7348 662 2824 4897 5798 7597 6322
13 5757 6922 4482 657 5069 9731 1729 1755 3624 3173 4660 4019 8824
31 5090 4088 7236 8419 7690 4593 9037 646 292 5465 9897 8403 7570 2437 7507 2950 5080 7703 9275 4464 4229 3563 5926 5177 8522 3113 8707 107 7667 9250 5398
17 4875 956 856 6645 9232 4749 3146 3783 7727 2740 1029 2793 3163 2144 8117 4763 3705
16 975 7580 1500 4405 6825 425 5076 7873 3211 6463 7343 8282 6266 1732 5294 3698
24 6547 4973 6967 4744 4366 7414 2479 6344 6234 1429 7777 1396 1979 8107 2454 5462 960 8180 5750 9010 8286 1694 8726 9829
27 2399 9757 3319 2352 6398 169 4115 6652 7745 4541 9033 9576 9539 7080 6120 8692 5452 1736 6953 9802 3948 1811 4917 121 9791 6543 2709
21 2783 2382 4914 9065 66 3477 584 852 4371 6235 3145 9471 7706 8702 5754 8663 6401 2819 3971 5331 479
29 6942 935 6141 5241 4130 4278 9151 7501 907 3818 2504 8928 4453 4845 6707 2340 3912 8218 2678 184 1133 3460 3184 5644 4210 8123 4501 5857 207
25 284 4869 4028 8194 3940 9165 6746 1710 4699 2558 3271 6452 4533 151 6928 1711 3323 2841 7734 594 9767 7781 7450 4390 5434
14 655 3411 1723 1777 4986 1381 9519 7892 1740 9145 401 6911 4189 9472
27 9696 2518 1186 6024 7916 9263 1106 377 6659 880 2373 7796 4409 6249 8335 8202 8971 2569 7969 5286 6986 5659 6444 4040 3012 343 4695
15 7243 9349 8031 7616 3590 4487 7511 2302 6315 259 1636 7374 4402 8080 3224
23 3632 9735 381 2952 1460 1415 645 2885 7383 6980 8822 6720 8894 6954 9898 7669 8455 2138 2286 7008 9690 6976 5665
20 1240 210 6023 9613 2856 5433 3228 8148 1612 2565 3470 1235 4840 6156 3419 6506 5278 42 7910 5067
28 3717 3445 1508 3453 843 7232 5995 3393 8101 4472 4964 3432 8511 1960 1450 4370 3058 2804 2553 6256 9391 3835 2968 3576 4108 7157 4640 7459
31 3544 6742 8989 5234 830 9134 4602 942 6356 4099 3278 7610 1876 7237 2396 290 9998 2768 5484 1850 1673 8526 5618 5912 3240 4252 2227 859 1244 1658 5399
18 3739 6526 4034 1523 3952 6672 5914 694 5102 8565 8172 8068 7419 229 8825 6878 8374 0
16 8816 9634 8768 4587 506 1146 6184 5671 891 6553 9958 361 9525 3405 747 1009
7 4228 164 4652 4065 6181 6462 4471
13 1997 2216 57 6538 4786 2556 1963 4070 4952 836 5669 7950 3021
28 2440 656 7277 9202 5291 8990 949 7595 5702 6757 9056 4117 1810 3701 6589 2406 8673 1818 6684 681 1567 1648 7767 605 598 7722 737 4908
21 4107 1430 380 1733 6969 2362 2397 6268 7256 9379 9566 275 8383 1053 5268 2086 6727 3074 3909 4313 1626
27 6069 5668 9620 3879 2338 7492 9135 9950 8182 9159 8988 2037 3124 6025 855 198 4573 9295 574 6175 5056 4498 637 7288 4900 2836 5446
20 8133 8747 761 7994 6647 8244 575 8906 3508 7930 6531 3548 9984 2767 2145 1174 5633 26 2358 20
18 5957 2245 9511 7685 3112 5371 1236 4674 4960 9365 8013 4672 4620 7469 6014 1156 6559 4962
29 5663 266 4291 3605 7312 152 5962 3746 9101 8615 5074 6821 1476 6375 3561 1016 6362 1858 5640 9126 132 1103 110 7023 9531 2890 2594 1301 5159
9 3375 172 9512 8191 1143 3788 7454 558 2620
28 8146 6710 4396 2570 1557 4585 9610 5082 772 97 8815 714 3231 1466 1314 1167 2137 2560 4486 6130 4114 4122 548 7427 8879 3630 4779 3456
25 9254 4782 1102 8379 6989 6196 6261 9639 9229 928 9110 1786 877 4809 815 7500 595 6214 4438 1691 2022 1295 9555 5682 1191
16 7554 4050 3966 5182 5656 8367 1319 8809 999 9154 7089 3084 5726 182 3741 8215
32 4733 5566 7698 3537 5628 1494 4195 9002 7245 2505 5608 9593 3997 9724 5548 5529 6262 7046 9553 9293 8859 4670 7544 3399 2823 1397 4769 9507 3787 3172 8363 7825
22 7567 9625 354 1496 7808 4441 5279 9478 1283 1073 2431 6622 7130 2197 919 2096 2372 5736 4823 1350 899 7795
34 497 2663 9429 1263 7811 6729 106 1521 5933 5603 4682 2452 2042 5479 347 1036 7302 4322 9443 2980 7925 5577 7371 6950 6779 4861 8384 9669 3716 9215 1001 749 8543 4186
10 2992 9314 9497 415 6243 1067 2133 7524 2408 9922
16 2934 6575 6638 7912 9035 7010 751 5050 1282 2997 8968 1327 4296 1261 2312 7625
17 483 1627 7253 5409 4872 7301 3345 7479 4654 6713 8571 2354 9714 8327 3128 4909 1137
10 2212 3955 6347 4166 1259 4928 2936 7688 685 948
3 7444 5103 9693
15 5719 5107 6305 8445 9466 2386 1862 459 5837 6800 2388 1844 1093 9638 5390
12 6903 9712 6399 178 7246 3646 5070 698 2370 4248 5122 6527
34 3840 6498 8955 6244 3117 5036 4227 3867 5211 9460 8293 997 3473 279 2956 1370 4222 678 4201 8399 7644 3707 4086 3832 4457 4680 5355 9390 7095 4778 869 7481 8519 5110
28 3740 9527 7856 3057 7445 7697 1595 4819 3776 3075 118 7743 72 6572 985 6371 9994 2091 3235 6796 7721 3769 8781 8043 4446 3858 59 7700
25 9557 378 9617 1667 6013 9836 9537 1679 9474 4351 3761 6366 4856 4985 3018 1916 9113 6661 6508 6318 1356 4054 7705 5790 9178
29 3972 8034 92 4913 6762 6106 1638 5684 4625 5166 8851 6827 1596 9725 1971 7377 9989 38 8491 6510 5328 8365 9465 2725 1952 8372 4759 3712 818
28 7884 5503 9068 6618 5782 5725 6839 6772 9298 1050 4770 2766 3509 9447 8347 4889 7583 5448 9302 5053 4146 2262 3485 5460 1149 8251 1157 5538
14 2639 6739 8368 5453 7448 3122 7176 1831 9054 800 7684 8430 5078 8874
19 3616 9179 1331 8876 3636 348 6121 9701 9823 7726 8830 2850 972 7047 3421 9578 8676 3004 9803
14 3398 5012 1441 6597 379 1004 8007 9706 7462 8539 9821 9233 9863 7909
20 9450 7710 9538 1222 6026 159 4007 7278 4880 7516 9882 4858 3174 3269 8605 6080 5774 1698 8535 8232
25 9164 8042 5601 2999 8804 6336 908 9444 1598 6083 3038 4535 6469 3351 7498 4238 6798 4037 1321 6668 5506 756 9552 5293 1359
30 5351 6438 1046 3970 5584 2178 4989 4236 6165 5247 2938 6134 8576 6137 7982 7299 2295 6126 8964 3150 9434 176 9775 9446 7739 5055 8558 2886 3238 3069
5 32 376 475 7901 5091
27 7190 9064 7548 5866 8529 353 8485 8742 6223 9272 1330 3894 7750 808 6874 276 2229 3342 2237 3516 2879 3526 3715 6990 8923 3749 204
24 2577 1910 4555 233 8821 7167 9218 3674 9591 5421 7326 2871 8977 9953 6428 4456 1437 3600 3718 5676 8337 5111 1718 3727
27 4245 3732 6182 2473 5861 3133 1098 7267 524 1516 2535 5872 8400 1965 1926 2834 9479 9239 9730 8315 2010 324 3957 5203 831 3043 7441
17 5539 241 1349 8665 1110 6744 1763 2524 5768 9294 4982 9336 7303 6295 5363 1225 901
16 3270 2409 8112 8831 2981 2910 202 6939 4718 7298 4834 8746 1756 9348 9704 6591
29 7494 4318 5043 6871 6893 5187 8116 9505 8312 4832 7205 4443 366 1132 6883 6376 8004 1775 9016 2336 9423 912 7317 3683 1128 8948 2847 1701 9749
10 2181 6814 3958 1079 4605 7761 244 5844 1752 9287
9 8071 9189 4702 9745 7350 6723 5485 3378 8847
28 4704 422 5853 2781 3493 6579 1937 516 9300 3443 8105 7587 3449 7749 2990 7179 6604 1458 9534 4708 1391 5789 3728 8931 4097 3914 9522 2615
9 4205 5124 9346 389 1238 3611 1887 4383 5973
7 1465 7922 4024 5576 141 3230 3207
27 4659 4607 9364 8854 2260 9156 4282 3524 216 5976 2062 83 6389 1525 5191 8871 9904 7443 3070 6017 958 7859 5839 8943 7290 635 7467
16 3054 8298 2954 3469 1738 3710 9420 8027 2319 3494 5558 2996 3483 3551 1578 2430
17 4139 7284 884 7439 3248 6440 7589 466 7776 3886 2064 9007 1540 9499 9517 1043 3422
13 7438 9858 8585 2760 8316 3121 7715 112 5780 2376 6079 8057 1300
13 8236 4544 9209 2385 1511 3326 8652 7493 6515 1536 6032 6124 2326
28 6048 896 8118 8938 5100 5160 7794 1271 1692 3862 7274 9230 7403 8115 9435 3582 878 2045 4362 8304 8741 5397 8255 4462 5322 3903 8870 9536
20 572 552 9546 403 3530 9082 6391 408 693 359 7425 9662 8911 486 7189 7228 8838 8611 7565 8138
33 986 4595 7933 1294 7915 4031 1768 6064 8987 6806 90 8976 8359 5136 1405 7755 8531 5938 4619 4518 5823 1754 344 7517 5407 7300 5119 6872 242 9387 5596 1549 2770
19 1845 8671 6213 6422 5193 7778 1695 8875 9822 5302 8483 1759 6653 5176 3035 424 1127 6507 4683
7 5751 8306 7719 4951 2100 7833 7111
9 6648 85 3482 6593 872 5197 75 5121 7600
27 4854 7816 8014 5310 5700 387 9983 3798 5040 4204 2636 8545 4217 9758 2371 6617 5002 3628 8392 5354 9529 2655 265 2593 3134 4145 6246
15 6101 5287 1644 9288 6280 342 2835 9785 3992 396 3689 1071 6091 6233 8730
27 9410 633 1256 4552 7573 7730 6346 2404 826 6625 2756 3356 1999 1125 4512 4505 8325 3634 4963 3192 2701 6769 7951 7888 7496 3335 762
19 6078 5169 2164 1193 6437 3031 4043 819 7328 8496 1229 7050 9664 8139 6792 5269 7219 6273 1602
10 3721 4021 4256 9962 8214 5400 4857 2346 8319 2897
25 8188 952 9028 7361 544 1891 7164 5527 5163 4330 1583 8438 7327 9080 6810 9565 8353 1574 9041 7659 2487 3023 2843 5828 2055
25 2217 6133 2543 2969 9284 1934 4628 2765 7626 4452 8361 8562 7021 28 5277 5346 5321 2344 7938 1044 2080 49 1976 9967 8276
26 2900 8259 1215 9975 8970 4689 2648 2863 2332 3621 9490 357 6167 1302 2680 6679 5707 6055 9201 1901 9258 4230 1764 6631 6534 8154
12 2776 660 4709 6850 5994 6179 3799 2607 6778 9908 1163 5513
13 3778 9070 5847 230 3227 6102 5692 5715 8627 1781 6667 3953 4417
22 225 9761 9481 7162 7344 1459 1431 4168 4076 1790 67 851 8927 2058 5893 5518 7233 4193 2475 3002 2353 1699
12 4171 3190 6407 6784 8176 7613 2987 140 1398 5458 6278 4563
28 7203 9846 9394 8028 9160 6488 4394 4190 863 5292 6940 2398 7790 5072 765 1616 6852 8005 2726 9340 6396 937 7973 7311 8980 7906 9461 4923
29 3435 5766 1250 9842 1631 2652 5803 9729 4776 2402 2272 1428 537 4651 3968 6372 5980 1814 5947 5488 9008 746 2995 5316 3959 9635 6624 4592 8301
13 6009 3729 9148 5414 7780 9356 784 441 7044 4728 7242 6650 8648
16 9710 8555 6805 5952 2395 4866 4293 987 578 1436 2 6345 1566 4152 4265 7015
27 5830 553 8953 3851 2234 3261 4219 5929 7339 3979 4768 3924 7675 9480 3152 4055 7480 3804 8537 3831 7029 1703 5490 3265 1089 8371 5504
27 5375 9570 1311 7150 196 3247 2400 1946 5005 3 1296 1477 4893 3144 1382 5392 1806 8734 8985 7160 7184 8168 8920 7183 4324 5505 5063
14 8642 300 2706 871 7407 4125 3077 2527 1392 8661 305 8362 2757 7482
17 9678 7041 444 3657 9652 5907 7729 5709 2359 6382 532 8975 9986 4945 6623 7416 9765
23 2585 9564 8300 7988 4924 8798 7296 3339 5835 5963 6337 2052 7520 9683 1782 2446 7225 5800 8095 2310 5361 421 3223
4 2696 2919 1745 2053
6 2171 8239 586 5959 4690 2939
28 6643 8806 3099 8956 5915 9319 7987 3610 5262 8974 6240 5502 2364 7247 9096 5275 5128 6406 2003 9667 6632 5144 2727 7084 4267 443 4741 1935
17 9737 9742 9612 9077 3498 280 6292 894 4135 9867 954 5061 4919 7944 6797 6666 8047
24 8882 3775 5579 3843 9912 7629 235 3574 527 7068 6855 3659 5288 404 6754 7308 8754 9605 220 9124 7423 7051 9601 4987
12 2613 6132 8984 4636 7806 7453 2005 6093 7980 8959 6339 1677
28 8167 2661 8560 1109 1299 7894 7508 8963 133 793 5221 4712 8294 1621 4290 5648 3217 3695 1351 5930 5319 7244 7144 2698 2113 2158 7175 9374
26 1239 8094 674 2065 4105 4907 8450 546 4270 9655 5032 7090 81 6385 8003 9001 7018 5728 4312 2014 755 3733 3633 2806 6993 5588
26 9276 7135 2673 8075 8945 9859 4775 4344 9228 173 5323 1420 3266 1446 2350 6937 7822 4692 6599 450 1739 6936 2656 316 4735 3612
5 4713 8737 4347 7316 6190
9 9645 8695 5792 5824 1364 2713 8620 8284 7061
12 6639 2930 4331 1101 462 4006 5965 5840 8762 488 5688 1304
18 1613 8243 9641 3784 7456 8266 365 9358 9542 8415 3438 2403 4341 9386 2630 9455 2604 1284
12 921 382 7122 9861 5096 1074 4883 6210 6400 9417 3514 9311
20 6570 1169 9234 8263 9133 7609 4824 8748 8750 4597 9844 517 4915 941 2582 4181 6614 7310 4725 3588
23 7263 9948 7693 8018 6566 4561 9136 2104 3973 2341 1819 7819 4954 2889 3806 6231 1362 9966 6616 1172 2148 1055 1150
21 8190 2173 9817 7691 1081 1532 8610 7552 733 4423 6540 6276 8408 6926 9825 2779 73 438 1599 9721 1652
12 4326 2802 2602 8220 1199 3606 2694 1266 3072 3893 5738 8553
12 1968 252 8719 3297 6108 322 2943 3087 8880 6766 7391 7356
21 2578 3669 4147 7843 4012 624 2546 7872 6436 4634 3981 654 2962 1268 9660 5867 8142 8482 5264 9123 3158
15 3513 4696 4213 6882 886 862 9968 7920 3007 3854 3907 1668 7142 8402 5616
14 7171 5238 2702 2248 3673 897 7865 9328 6312 8590 1310 2837 9079 4329
23 4664 4328 7903 461 2383 561 5664 3013 806 7932 1816 4051 9518 4974 4254 2165 8677 9210 2223 4649 6702 4158 8022
22 3364 6484 2548 1264 2614 6898 9333 9224 7782 1666 4745 9501 1675 9502 4422 4578 3571 9936 3448 9146 8169 2280
14 6698 2675 7564 4828 8193 7384 3845 9264 8212 6982 8646 6820 3406 9515
26 1422 2107 649 3859 4734 8510 542 2129 8916 3182 4912 500 5097 7578 7875 625 5863 7265 6099 5515 2643 5148 432 7241 9937 1837
20 775 3675 6491 4274 1700 9085 7689 1307 1154 3404 2712 7330 7945 5820 5129 5560 9057 8082 3111 3791
11 156 876 1393 6909 7078 388 5739 470 4001 8045 3341
18 9561 4355 6865 2366 8339 2710 4942 7363 2584 5258 7852 5333 6499 4844 4308 6458 4305 8898
23 1189 1211 711 2115 1504 2315 1590 4033 5911 2948 7091 8776 9337 7893 2708 8460 4950 9760 6145 2914 3945 7601 7112
10 64 7118 7066 138 7931 8814 9321 6301 4890 4646
20 7134 8782 9809 5123 9192 9073 6085 8793 2242 4810 5550 4551 5683 2349 9332 6685 234 4790 9304 5273
18 5713 7555 2972 4206 8103 215 4491 2048 1012 8833 8524 2024 7222 4988 6483 1069 5975 5370
11 7941 8257 1220 6067 3584 3505 7614 618 3210 5478 5334
25 3418 4792 4879 147 523 1589 5014 2374 1980 8693 6682 8883 5052 9665 5255 9788 9122 4765 1028 8234 983 1354 447 1808 6063
19 2797 6587 8631 2958 2415 3963 4096 6642 6692 5925 2633 1538 9310 8733 5013 5079 6354 6555 3367
10 9044 8986 4534 3189 143 5551 5342 4641 8441 7979
14 5405 7503 2867 6367 4899 294 3139 3731 9510 7510 7728 5993 5742 7713
28 6971 6188 485 7515 3874 7764 2846 1338 5523 8764 3714 4244 1761 4902 7353 4754 7853 5585 6697 6891 6010 6539 6867 5591 1147 6518 7182 325
3 7309 3622 5903
12 6172 883 3901 8407 4014 1061 1940 1479 6717 6585 8532 9970
4 5116 9377 1722 5944
6 5426 2108 7604 2206 9896 492
4 6946 6333 4802 4941
4 1160 6331 76 1159
21 4724 3203 7048 8099 3135 5391 3308 7720 5139 5195 974 9856 3109 6841 3882 1303 5368 7437 9396 3255 2509
11 1062 1779 3157 5301 9687 1922 1007 7257 3652 1341 2664
9 5087 5770 4302 7680 7560 9780 6583 8641 7756
19 7457 599 2220 4939 1716 1130 9237 9470 6846 7832 3805 7125 4559 251 5467 8884 9339 9172 1558
22 2275 2072 9623 5451 8033 3765 5880 3436 7805 6609 6038 1316 7960 7447 2027 1241 8473 6217 926 2182 5198 8636
10 9249 7421 1083 7851 1848 3241 2083 5581 1751 3737
18 9952 8296 4353 1791 6915 6824 8745 2034 2947 3061 6646 5561 8264 3252 7436 5735 3954 8669
21 6237 1912 8373 1539 1834 4221 8270 4388 1389 6683 6282 2485 2750 2503 5685 6005 3889 3518 2243 431 4049
20 8996 4981 9433 991 8129 5167 9616 2587 9663 6557 2195 804 36 9032 6445 7307 6194 1731 1456 4392
18 175 7837 5809 4087 2043 6203 4314 6578 2142 2619 4465 4516 2974 4134 7100 5814 9977 8618
12 4089 5009 8801 4113 3127 4499 2040 9378 9643 4420 8083 6603
17 6657 8869 9031 4772 3625 243 8954 7598 4360 3296 6972 9212 2707 4500 6514 4432 5311
17 4045 934 4969 4159 4594 384 2204 5984 569 1554 3056 9653 7484 9895 3014 3313 526
14 5298 74 8662 6161 9934 1911 8993 6708 4903 7866 9091 1140 8147 7133
19 1412 4653 2907 4937 2959 1907 4368 9142 887 4626 8469 3890 2522 4510 6314 3500 7617 2200 9916
23 6476 1872 6582 8901 6059 5801 2631 1357 801 5921 866 4932 5164 564 8442 9521 4956 7801 8141 9558 9703 4918 3617
23 1475 5356 7830 1198 3295 2874 2154 7707 8143 6743 6131 1068 5589 7736 2772 664 5749 3040 8211 3923 3455 410 6840
17 6098 2467 5001 1317 3501 1681 5565 7231 8593 6129 5997 1793 6545 2747 4275 1931 7881
2 6902 4796
10 1620 7829 1943 5567 6571 5417 3474 4138 2502 6288
19 2110 4784 1348 1639 3372 10 684 6863 7536 1690 6204 8041 7835 6015 7660 7079 2922 8625 1052
10 2477 4247 7793 9167 4365 1541 7352 6636 3088 9650
16 2270 5998 7045 1930 724 8760 126 1519 7608 1853 8872 5733 1401 4946 1766 5578
25 458 8664 9881 5201 9141 5305 7132 5216 1394 1328 3437 9368 2215 9583 3452 9905 9206 5745 5251 16 5767 1514 2529 9990 9567
10 8686 9632 716 9106 1709 9826 2931 1463 7542 7362
8 7037 5064 3221 4569 5852 1027 9831 8178
18 1257 5526 6379 8820 5486 1424 510 2611 8297 8643 5085 1964 1608 4726 191 4458 8934 9999
17 636 9238 5464 9658 8705 6861 1945 8914 340 5826 407 2801 4556 8386 341 5705 3887
20 6197 4496 2722 9143 4789 4730 5851 2918 5418 5378 7240 9590 810 1925 4180 2592 4216 764 3836 758
25 7143 8072 8551 2179 9029 7285 7543 7976 3873 2688 9855 6763 2685 5843 6732 2588 5822 1080 6037 5233 5811 4996 3279 6919 906
8 5632 3044 7998 3722 7488 3824 2337 1003
3 2515 4528 8330
15 3735 1433 8413 8688 4093 6774 6061 6114 6072 4151 2435 3312 6348 2609 7472
2 5441 1038
11 4895 6041 9694 2444 8603 2468 5908 50 5966 9914 2463
19 5967 6562 7341 4777 9917 9278 8291 1854 1657 6299 8841 4240 2555 5276 2098 3301 7168 1478 5020
9 8644 6218 1799 536 7823 9247 6974 7741 3560
9 7569 8023 8502 1981 3751 2662 7345 2183 978
5 2412 9063 2249 1361 89
7 4249 7075 8849 2815 7828 148 3259
4 1376 6016 7742 2273
22 352 3314 4111 9838 8268 6699 8492 5878 7012 2085 2785 4650 6812 3131 2392 9893 7258 6577 5845 9608 3723 3928
17 3694 7259 4667 8881 4335 3045 1388 1464 9315 7279 6477 5207 4445 2679 5362 5758 9227
21 7234 6885 4642 2901 5411 2935 8917 285 7521 6938 9415 6532 5118 4612 2219 5431 3287 7057 4273 1645 6433
19 7724 4224 1875 9722 6983 4590 385 6117 2351 1856 2268 5215 727 8570 581 4977 6019 7899 6011
17 7207 2191 9355 7461 8381 9092 7031 1505 5638 4412 5594 3303 3094 4901 5876 5443 7943
7 9526 929 9038 582 5313 512 9868
13 799 9219 2151 8431 2644 5694 2087 1832 9050 8241 6486 7997 8994
22 3394 4104 8534 7394 7009 3919 1469 3935 875 2616 8912 3960 3777 2282 8619 9674 1517 4820 2683 9198 3631 6073
11 193 7415 7392 3328 9884 2580 8599 4148 9713 8732 1545
12 1896 8401 310 1440 8183 4132 6876 8249 5003 3929 5720 6221
21 6393 7422 4085 2309 2526 2089 7148 3547 8283 9506 8958 4340 1162 6637 9587 6394 6988 5895 7758 4013 5547
12 6677 6808 8150 6833 1921 4382 1072 3738 6225 9899 2811 835
19 4046 402 4426 1747 7757 1932 7397 6704 2859 6996 3320 3407 8393 4183 5781 5978 6991 2516 4042
19 8864 4167 3757 6857 6920 4722 9902 2684 9055 631 7959 7752 2391 4408 6411 1654 1473 2271 2610
20 3790 2241 4539 2281 3416 5117 4280 9848 3599 7505 7800 879 2550 8321 7166 9773 4540 9915 4018 3812
16 4767 6596 65 1591 2284 6157 8845 3521 7367 604 5703 7725 4140 7375 9277 3346
